<?xml version="1.0" encoding="UTF-8"?>
<!-- Generated by org.testng.reporters.JUnitXMLReporter -->
<testsuite hostname="PERFIOS-HW-078" ignored="17" tests="0" failures="0" timestamp="11 Jun 2020 08:09:40 GMT" time="0.004" errors="0">
  <testcase name="IncorrectOrgName" time="0.0" classname="MediclaimAutomation.MediclaimAPI.MediclaimAPIRegressionTest">
    <ignored/>
  </testcase> <!-- IncorrectOrgName -->
  <testcase name="NoOrgName" time="0.0" classname="MediclaimAutomation.MediclaimAPI.MediclaimAPIRegressionTest">
    <ignored/>
  </testcase> <!-- NoOrgName -->
  <testcase name="SuccessfulReportGenerationCallbackFailure" time="0.0" classname="MediclaimAutomation.MediclaimAPI.MediclaimAPIRegressionTest">
    <ignored/>
  </testcase> <!-- SuccessfulReportGenerationCallbackFailure -->
  <testcase name="InitiateMediclaimJob" time="0.0" classname="MediclaimAutomation.MediclaimAPI.MediclaimAPIRegressionTest">
    <ignored/>
  </testcase> <!-- InitiateMediclaimJob -->
  <testcase name="CheckAllStatus" time="0.0" classname="MediclaimAutomation.MediclaimAPI.MediclaimAPIRegressionTest">
    <ignored/>
  </testcase> <!-- CheckAllStatus -->
  <testcase name="SuccessfulReportGeneration" time="0.0" classname="MediclaimAutomation.MediclaimAPI.MediclaimAPIRegressionTest">
    <ignored/>
  </testcase> <!-- SuccessfulReportGeneration -->
  <testcase name="SummaryDetailedBalanceMismatchErrorCode" time="0.0" classname="MediclaimAutomation.MediclaimAPI.MediclaimAPIRegressionTest">
    <ignored/>
  </testcase> <!-- SummaryDetailedBalanceMismatchErrorCode -->
  <testcase name="MultipleBillErrorCode" time="0.0" classname="MediclaimAutomation.MediclaimAPI.MediclaimAPIRegressionTest">
    <ignored/>
  </testcase> <!-- MultipleBillErrorCode -->
  <testcase name="IncompleteDataErrorCode" time="0.0" classname="MediclaimAutomation.MediclaimAPI.MediclaimAPIRegressionTest">
    <ignored/>
  </testcase> <!-- IncompleteDataErrorCode -->
  <testcase name="UnsupportedBillFormatErrorCode" time="0.0" classname="MediclaimAutomation.MediclaimAPI.MediclaimAPIRegressionTest">
    <ignored/>
  </testcase> <!-- UnsupportedBillFormatErrorCode -->
  <testcase name="OtherErrorCode" time="0.0" classname="MediclaimAutomation.MediclaimAPI.MediclaimAPIRegressionTest">
    <ignored/>
  </testcase> <!-- OtherErrorCode -->
  <testcase name="ABMErrorCode" time="0.0" classname="MediclaimAutomation.MediclaimAPI.MediclaimAPIRegressionTest">
    <ignored/>
  </testcase> <!-- ABMErrorCode -->
  <testcase name="ClaimAmountMismatchErrorCode" time="0.0" classname="MediclaimAutomation.MediclaimAPI.MediclaimAPIRegressionTest">
    <ignored/>
  </testcase> <!-- ClaimAmountMismatchErrorCode -->
  <testcase name="UploadMediclaimFile" time="0.0" classname="MediclaimAutomation.MediclaimAPI.MediclaimAPIRegressionTest">
    <ignored/>
  </testcase> <!-- UploadMediclaimFile -->
  <testcase name="ProcessMediclaimFile" time="0.0" classname="MediclaimAutomation.MediclaimAPI.MediclaimAPIRegressionTest">
    <ignored/>
  </testcase> <!-- ProcessMediclaimFile -->
  <testcase name="Incorrectpayload" time="0.0" classname="MediclaimAutomation.MediclaimAPI.MediclaimAPIRegressionTest">
    <ignored/>
  </testcase> <!-- Incorrectpayload -->
  <testcase name="ClaimAmountMissingErrorCode" time="0.0" classname="MediclaimAutomation.MediclaimAPI.MediclaimAPIRegressionTest">
    <ignored/>
  </testcase> <!-- ClaimAmountMissingErrorCode -->
</testsuite>
