<?xml version="1.0" encoding="UTF-8"?>
<!-- Generated by org.testng.reporters.JUnitXMLReporter -->
<testsuite hostname="PERFIOS-HW-078" ignored="2" name="Test" tests="27" failures="0" timestamp="21 Jun 2020 07:16:35 GMT" time="185.971" errors="0">
  <testcase name="ABM_ErrorCode" time="7.73" classname="Regression.ABMErrorCode"/>
  <testcase name="CheckAllStatus" time="2.682" classname="Regression.CheckStatusOfTheAPIs"/>
  <testcase name="ClaimAmountMismatchErrorCode" time="6.592" classname="Regression.ClaimAmountMismatch"/>
  <testcase name="ClaimAmountMissingErrorCode" time="6.133" classname="Regression.ClaimAmountMissing"/>
  <testcase name="NoOrgName" time="0.08" classname="Regression.EmptyOrgName"/>
  <testcase name="MultipleBillErrorCode" time="5.622" classname="Regression.IncompleteDataErrorCode"/>
  <testcase name="Incorrect_OrgName" time="0.184" classname="Regression.IncorrectOrgName"/>
  <testcase name="Incorrectpayload" time="0.082" classname="Regression.IncorrectPayload"/>
  <testcase name="InitiateMediclaimJob" time="0.117" classname="Regression.InitiateJob"/>
  <testcase name="MultipleBill_ErrorCode" time="6.287" classname="Regression.MultipleBillErrorCode"/>
  <testcase name="Other_ErrorCode" time="5.661" classname="Regression.OtherErrorCode"/>
  <testcase name="PoorQuality_ErrorCode" time="5.638" classname="Regression.PoorQualityErrorCode"/>
  <testcase name="ProcessMediclaimFile" time="0.432" classname="Regression.ProcessAPI"/>
  <testcase name="Successful_ReportGeneration" time="40.195" classname="Regression.SuccessfulReportGeneration"/>
  <testcase name="SuccessfulReportGeneration_CallbackFailure" time="39.829" classname="Regression.SuccessfulReportGenerationCallBackFailure"/>
  <testcase name="TooManyPages_ErrorCode" time="5.633" classname="Regression.TooManyPagesErrorCode"/>
  <testcase name="UnsupportedBillFormat_ErrorCode" time="6.636" classname="Regression.UnsupportedBillFormatErrorCode"/>
  <testcase name="UploadMediclaimFile" time="0.329" classname="Regression.UploadAPI"/>
  <testcase name="GetAll_Orgs" time="0.096" classname="Regression.GetAllOrgs"/>
  <testcase name="GetAllSettingsOrgs" time="0.112" classname="Regression.GetAllSettingsOfAnOrg"/>
  <testcase name="GetGivenSettingsReportingConfig" time="0.064" classname="Regression.GetGivenSettings_ReportingConfig"/>
  <testcase name="GetGivenSettingsCategorizationConfig" time="0.072" classname="Regression.GetGivenSettings_CategorizationConfig"/>
  <testcase name="GetGivenSettingsReportingType" time="0.064" classname="Regression.GetGivenSettings_ReportingType"/>
  <testcase name="GetGivenSettingsRetentionPeriod" time="0.064" classname="Regression.GetGivenSettings_RetentionPeriod"/>
  <testcase name="SaveAll_Settings" time="0.08" classname="Regression.SaveAllSettings"/>
  <testcase name="VerifyingDuplicateOrgs_Message" time="0.066" classname="Regression.VerifyingDuplicateOrgsMessage"/>
  <testcase name="Retry_Transaction" time="45.098" classname="Regression.RetryTransaction"/>
  <testcase name="CancelJobAfterInitiation" time="0.0" classname="Regression.CancelJobAfterDocUpload">
    <ignored/>
  </testcase> <!-- CancelJobAfterInitiation -->
  <testcase name="CancelJobAfterInitiation" time="0.0" classname="Regression.CancelJobAfterInit">
    <ignored/>
  </testcase> <!-- CancelJobAfterInitiation -->
</testsuite> <!-- Test -->
